{"E:\\session\\wipro\\jestjs\\codecoverage\\src\\sum.js": {"path":"E:\\session\\wipro\\jestjs\\codecoverage\\src\\sum.js","all":false,"statementMap":{"0":{"start":{"line":1,"column":0},"end":{"line":1,"column":0}},"1":{"start":{"line":2,"column":0},"end":{"line":2,"column":13}},"2":{"start":{"line":3,"column":0},"end":{"line":3,"column":26}},"3":{"start":{"line":4,"column":0},"end":{"line":4,"column":20}},"4":{"start":{"line":5,"column":0},"end":{"line":5,"column":6}},"5":{"start":{"line":6,"column":0},"end":{"line":6,"column":32}},"6":{"start":{"line":7,"column":0},"end":{"line":7,"column":20}},"7":{"start":{"line":8,"column":0},"end":{"line":8,"column":5}},"8":{"start":{"line":9,"column":0},"end":{"line":9,"column":1}},"9":{"start":{"line":10,"column":0},"end":{"line":10,"column":0}},"10":{"start":{"line":11,"column":0},"end":{"line":11,"column":20}}},"s":{"0":1,"1":1,"2":1,"3":1,"4":1,"5":1,"6":0,"7":0,"8":1,"9":1,"10":1},"branchMap":{"0":{"type":"branch","line":3,"loc":{"start":{"line":3,"column":9},"end":{"line":5,"column":5}},"locations":[{"start":{"line":3,"column":9},"end":{"line":5,"column":5}}]}},"b":{"0":[1]},"fnMap":{"0":{"name":"add","decl":{"start":{"line":3,"column":9},"end":{"line":5,"column":5}},"loc":{"start":{"line":3,"column":9},"end":{"line":5,"column":5}},"line":3},"1":{"name":"substract","decl":{"start":{"line":6,"column":15},"end":{"line":8,"column":5}},"loc":{"start":{"line":6,"column":15},"end":{"line":8,"column":5}},"line":6}},"f":{"0":1,"1":0}}
}
